Symbol range map extraction starting
Processing 10 files
startProcessing "com\bubbet\projectbsr\ProjectBSR.java" md5: 0fcd6b4a06d156ea14bb6f3bb078adf9
endProcessing "com\bubbet\projectbsr\ProjectBSR.java"

startProcessing "com\bubbet\projectbsr\init\ModBlocks.java" md5: 0221f964d713edcf93838c13f72c40d9
Cache Hit!
endProcessing "com\bubbet\projectbsr\init\ModBlocks.java"

startProcessing "com\bubbet\projectbsr\init\ModItems.java" md5: 13b8eb03babf11775875be4fb599e940
Cache Hit!
endProcessing "com\bubbet\projectbsr\init\ModItems.java"

startProcessing "com\bubbet\projectbsr\items\ItemBase.java" md5: aceb8aca67b61092329b6525cfd71196
Cache Hit!
endProcessing "com\bubbet\projectbsr\items\ItemBase.java"

startProcessing "com\bubbet\projectbsr\modules\ModuleApiaristSink.java" md5: 1b84fc95f695a3c2297227c4af48bf64
Cache Hit!
endProcessing "com\bubbet\projectbsr\modules\ModuleApiaristSink.java"

startProcessing "com\bubbet\projectbsr\proxy\Client.java" md5: e8ad1b9ec2162525ebc17d248f233dff
Cache Hit!
endProcessing "com\bubbet\projectbsr\proxy\Client.java"

startProcessing "com\bubbet\projectbsr\proxy\Common.java" md5: 057d8724cfa80d6b69e97990f2dcb191
Cache Hit!
endProcessing "com\bubbet\projectbsr\proxy\Common.java"

startProcessing "com\bubbet\projectbsr\proxy\Server.java" md5: 506754de740a7d48ad0045bdc65a8fbc
Cache Hit!
endProcessing "com\bubbet\projectbsr\proxy\Server.java"

startProcessing "com\bubbet\projectbsr\util\handlers\RegistryHandler.java" md5: 855a412049f632fbdefd8851d8d3df8f
Cache Hit!
endProcessing "com\bubbet\projectbsr\util\handlers\RegistryHandler.java"

startProcessing "com\bubbet\projectbsr\util\interfaces\LHasModel.java" md5: a4695ae79601d0d305faeb432025228a
Cache Hit!
endProcessing "com\bubbet\projectbsr\util\interfaces\LHasModel.java"

